<?xml version="1.0" encoding="UTF-8"?>
<testsuite name="FizzBuzz" tests="1" skipped="0" failures="0" errors="0" timestamp="2021-04-08T08:24:15" hostname="Lavanyas-MacBook-Pro.local" time="0.016">
  <properties/>
  <testcase name="returnFizzIfDivisibleBy3()" classname="FizzBuzz" time="0.016"/>
  <system-out><![CDATA[]]></system-out>
  <system-err><![CDATA[]]></system-err>
</testsuite>
